0 info it worked if it ends with ok
1 verbose cli [ '/Users/ty/.nvm/versions/node/v5.6.0/bin/node',
1 verbose cli   '/Users/ty/.nvm/versions/node/v5.6.0/bin/npm',
1 verbose cli   'start' ]
2 info using npm@3.6.0
3 info using node@v5.6.0
4 verbose stack Error: missing script: start
4 verbose stack     at run (/Users/ty/.nvm/versions/node/v5.6.0/lib/node_modules/npm/lib/run-script.js:147:19)
4 verbose stack     at /Users/ty/.nvm/versions/node/v5.6.0/lib/node_modules/npm/lib/run-script.js:57:5
4 verbose stack     at /Users/ty/.nvm/versions/node/v5.6.0/lib/node_modules/npm/node_modules/read-package-json/read-json.js:345:5
4 verbose stack     at checkBinReferences_ (/Users/ty/.nvm/versions/node/v5.6.0/lib/node_modules/npm/node_modules/read-package-json/read-json.js:309:45)
4 verbose stack     at final (/Users/ty/.nvm/versions/node/v5.6.0/lib/node_modules/npm/node_modules/read-package-json/read-json.js:343:3)
4 verbose stack     at then (/Users/ty/.nvm/versions/node/v5.6.0/lib/node_modules/npm/node_modules/read-package-json/read-json.js:113:5)
4 verbose stack     at ReadFileContext.<anonymous> (/Users/ty/.nvm/versions/node/v5.6.0/lib/node_modules/npm/node_modules/read-package-json/read-json.js:297:29)
4 verbose stack     at ReadFileContext.callback (/Users/ty/.nvm/versions/node/v5.6.0/lib/node_modules/npm/node_modules/graceful-fs/graceful-fs.js:76:16)
4 verbose stack     at FSReqWrap.readFileAfterOpen [as oncomplete] (fs.js:324:13)
5 verbose cwd /Users/ty/Code/egtravel
6 error Darwin 15.3.0
7 error argv "/Users/ty/.nvm/versions/node/v5.6.0/bin/node" "/Users/ty/.nvm/versions/node/v5.6.0/bin/npm" "start"
8 error node v5.6.0
9 error npm  v3.6.0
10 error missing script: start
11 error If you need help, you may report this error at:
11 error     <https://github.com/npm/npm/issues>
12 verbose exit [ 1, true ]
